<?xml version="1.0" encoding="UTF-8"?>
<testsuite xmlns:xsi="http://www.w3.org/2001/XMLSchema-instance" xsi:noNamespaceSchemaLocation="https://maven.apache.org/surefire/maven-surefire-plugin/xsd/surefire-test-report-3.0.xsd" version="3.0" name="flightapp.FlightServiceTest" time="170.407" tests="35" errors="0" skipped="0" failures="0">
  <properties>
    <property name="java.specification.version" value="13"/>
    <property name="sun.jnu.encoding" value="UTF-8"/>
    <property name="test.cases" value="cases"/>
    <property name="java.class.path" value="/Users/yinruideng/.m2/repository/org/apache/maven/surefire/surefire-booter/3.0.0-M4/surefire-booter-3.0.0-M4.jar:/Users/yinruideng/.m2/repository/org/apache/maven/surefire/surefire-api/3.0.0-M4/surefire-api-3.0.0-M4.jar:/Users/yinruideng/.m2/repository/org/apache/maven/surefire/surefire-logger-api/3.0.0-M4/surefire-logger-api-3.0.0-M4.jar:/Users/yinruideng/Desktop/senior_spring/cse414/hw/hw5_....._+++/dengy7/hw5/target/test-classes:/Users/yinruideng/Desktop/senior_spring/cse414/hw/hw5_....._+++/dengy7/hw5/target/classes:/Users/yinruideng/.m2/repository/junit/junit/4.13/junit-4.13.jar:/Users/yinruideng/.m2/repository/org/hamcrest/hamcrest-core/1.3/hamcrest-core-1.3.jar:/Users/yinruideng/.m2/repository/com/microsoft/sqlserver/mssql-jdbc/8.2.0.jre11/mssql-jdbc-8.2.0.jre11.jar:/Users/yinruideng/.m2/repository/org/mybatis/mybatis/3.5.4/mybatis-3.5.4.jar:/Users/yinruideng/Desktop/senior_spring/cse414/hw/hw5_....._+++/dengy7/hw5/distributed.jar:/Users/yinruideng/.m2/repository/org/apache/maven/surefire/surefire-junit4/3.0.0-M4/surefire-junit4-3.0.0-M4.jar:/Users/yinruideng/.m2/repository/org/apache/maven/surefire/common-java5/3.0.0-M4/common-java5-3.0.0-M4.jar:/Users/yinruideng/.m2/repository/org/apache/maven/surefire/common-junit3/3.0.0-M4/common-junit3-3.0.0-M4.jar:/Users/yinruideng/.m2/repository/org/apache/maven/surefire/common-junit4/3.0.0-M4/common-junit4-3.0.0-M4.jar"/>
    <property name="java.vm.vendor" value="Oracle Corporation"/>
    <property name="sun.arch.data.model" value="64"/>
    <property name="java.vendor.url" value="https://openjdk.java.net/"/>
    <property name="os.name" value="Mac OS X"/>
    <property name="java.vm.specification.version" value="13"/>
    <property name="sun.java.launcher" value="SUN_STANDARD"/>
    <property name="user.country" value="US"/>
    <property name="sun.boot.library.path" value="/usr/local/Cellar/openjdk/13.0.2+8_2/libexec/openjdk.jdk/Contents/Home/lib"/>
    <property name="sun.java.command" value="org.apache.maven.surefire.booter.ForkedBooter /Users/yinruideng/Desktop/senior_spring/cse414/hw/hw5_....._+++/dengy7/hw5/target/surefire 2020-05-25T16-36-38_347-jvmRun1 surefire17327597455943815752tmp surefire_06698962300603730488tmp"/>
    <property name="jdk.debug" value="release"/>
    <property name="surefire.test.class.path" value="/Users/yinruideng/Desktop/senior_spring/cse414/hw/hw5_....._+++/dengy7/hw5/target/test-classes:/Users/yinruideng/Desktop/senior_spring/cse414/hw/hw5_....._+++/dengy7/hw5/target/classes:/Users/yinruideng/.m2/repository/junit/junit/4.13/junit-4.13.jar:/Users/yinruideng/.m2/repository/org/hamcrest/hamcrest-core/1.3/hamcrest-core-1.3.jar:/Users/yinruideng/.m2/repository/com/microsoft/sqlserver/mssql-jdbc/8.2.0.jre11/mssql-jdbc-8.2.0.jre11.jar:/Users/yinruideng/.m2/repository/org/mybatis/mybatis/3.5.4/mybatis-3.5.4.jar:/Users/yinruideng/Desktop/senior_spring/cse414/hw/hw5_....._+++/dengy7/hw5/distributed.jar:"/>
    <property name="sun.cpu.endian" value="little"/>
    <property name="user.home" value="/Users/yinruideng"/>
    <property name="user.language" value="en"/>
    <property name="java.specification.vendor" value="Oracle Corporation"/>
    <property name="java.version.date" value="2020-01-14"/>
    <property name="java.home" value="/usr/local/Cellar/openjdk/13.0.2+8_2/libexec/openjdk.jdk/Contents/Home"/>
    <property name="file.separator" value="/"/>
    <property name="basedir" value="/Users/yinruideng/Desktop/senior_spring/cse414/hw/hw5_....._+++/dengy7/hw5"/>
    <property name="java.vm.compressedOopsMode" value="Zero based"/>
    <property name="line.separator" value="&#10;"/>
    <property name="java.vm.specification.vendor" value="Oracle Corporation"/>
    <property name="java.specification.name" value="Java Platform API Specification"/>
    <property name="sun.management.compiler" value="HotSpot 64-Bit Tiered Compilers"/>
    <property name="java.runtime.version" value="13.0.2+8"/>
    <property name="user.name" value="yinruideng"/>
    <property name="path.separator" value=":"/>
    <property name="os.version" value="10.15"/>
    <property name="java.runtime.name" value="OpenJDK Runtime Environment"/>
    <property name="file.encoding" value="UTF-8"/>
    <property name="java.vm.name" value="OpenJDK 64-Bit Server VM"/>
    <property name="localRepository" value="/Users/yinruideng/.m2/repository"/>
    <property name="java.vendor.url.bug" value="https://bugreport.java.com/bugreport/"/>
    <property name="java.io.tmpdir" value="/var/folders/bs/gw2f01v15sd7njhpfvtx0l1w0000gn/T/"/>
    <property name="java.version" value="13.0.2"/>
    <property name="user.dir" value="/Users/yinruideng/Desktop/senior_spring/cse414/hw/hw5_....._+++/dengy7/hw5"/>
    <property name="os.arch" value="x86_64"/>
    <property name="java.vm.specification.name" value="Java Virtual Machine Specification"/>
    <property name="java.library.path" value="/Users/yinruideng/Library/Java/Extensions:/Library/Java/Extensions:/Network/Library/Java/Extensions:/System/Library/Java/Extensions:/usr/lib/java:."/>
    <property name="java.vm.info" value="mixed mode, sharing"/>
    <property name="java.vendor" value="N/A"/>
    <property name="java.vm.version" value="13.0.2+8"/>
    <property name="sun.io.unicode.encoding" value="UnicodeBig"/>
    <property name="java.class.version" value="57.0"/>
  </properties>
  <testcase name="runTest[0]" classname="flightapp.FlightServiceTest" time="7.972"/>
  <testcase name="runTest[1]" classname="flightapp.FlightServiceTest" time="4.769"/>
  <testcase name="runTest[2]" classname="flightapp.FlightServiceTest" time="8.012"/>
  <testcase name="runTest[3]" classname="flightapp.FlightServiceTest" time="7.651"/>
  <testcase name="runTest[4]" classname="flightapp.FlightServiceTest" time="7.528"/>
  <testcase name="runTest[5]" classname="flightapp.FlightServiceTest" time="7.945"/>
  <testcase name="runTest[6]" classname="flightapp.FlightServiceTest" time="7.467"/>
  <testcase name="runTest[7]" classname="flightapp.FlightServiceTest" time="1.095"/>
  <testcase name="runTest[8]" classname="flightapp.FlightServiceTest" time="1.285"/>
  <testcase name="runTest[9]" classname="flightapp.FlightServiceTest" time="1.412"/>
  <testcase name="runTest[10]" classname="flightapp.FlightServiceTest" time="4.959"/>
  <testcase name="runTest[11]" classname="flightapp.FlightServiceTest" time="5.203"/>
  <testcase name="runTest[12]" classname="flightapp.FlightServiceTest" time="3.66"/>
  <testcase name="runTest[13]" classname="flightapp.FlightServiceTest" time="4.376"/>
  <testcase name="runTest[14]" classname="flightapp.FlightServiceTest" time="3.906"/>
  <testcase name="runTest[15]" classname="flightapp.FlightServiceTest" time="4.004"/>
  <testcase name="runTest[16]" classname="flightapp.FlightServiceTest" time="3.817"/>
  <testcase name="runTest[17]" classname="flightapp.FlightServiceTest" time="3.78"/>
  <testcase name="runTest[18]" classname="flightapp.FlightServiceTest" time="10.074"/>
  <testcase name="runTest[19]" classname="flightapp.FlightServiceTest" time="3.274"/>
  <testcase name="runTest[20]" classname="flightapp.FlightServiceTest" time="3.882"/>
  <testcase name="runTest[21]" classname="flightapp.FlightServiceTest" time="4.707"/>
  <testcase name="runTest[22]" classname="flightapp.FlightServiceTest" time="6.509"/>
  <testcase name="runTest[23]" classname="flightapp.FlightServiceTest" time="2.895"/>
  <testcase name="runTest[24]" classname="flightapp.FlightServiceTest" time="1.734"/>
  <testcase name="runTest[25]" classname="flightapp.FlightServiceTest" time="2.951"/>
  <testcase name="runTest[26]" classname="flightapp.FlightServiceTest" time="2.045"/>
  <testcase name="runTest[27]" classname="flightapp.FlightServiceTest" time="2.445"/>
  <testcase name="runTest[28]" classname="flightapp.FlightServiceTest" time="5.72"/>
  <testcase name="runTest[29]" classname="flightapp.FlightServiceTest" time="14.338"/>
  <testcase name="runTest[30]" classname="flightapp.FlightServiceTest" time="2.583"/>
  <testcase name="runTest[31]" classname="flightapp.FlightServiceTest" time="7.191"/>
  <testcase name="runTest[32]" classname="flightapp.FlightServiceTest" time="3.493"/>
  <testcase name="runTest[33]" classname="flightapp.FlightServiceTest" time="4.374"/>
  <testcase name="runTest[34]" classname="flightapp.FlightServiceTest" time="0.902"/>
</testsuite>